<?xml version="1.0" encoding="UTF-8"?>
<!-- Generated by org.testng.reporters.JUnitReportReporter -->
<testsuite hostname="Varsha-R-Yattinahalli-B632s-MacBook-Pro.local" failures="0" tests="1" name="sanity.WebAppTest" time="93.755" errors="0" timestamp="2022-07-09T22:58:15 IST" skipped="0">
  <testcase classname="sanity.WebAppTest" name="test18_SelectConferenceRoom" time="93.755"/>
  <system-out/>
</testsuite> <!-- sanity.WebAppTest -->
