<?xml version="1.0" encoding="UTF-8"?>
<testsuite xmlns:xsi="http://www.w3.org/2001/XMLSchema-instance" xsi:noNamespaceSchemaLocation="https://maven.apache.org/surefire/maven-surefire-plugin/xsd/surefire-test-report-3.0.xsd" version="3.0" name="TestSuite" time="15.831" tests="5" errors="0" skipped="4" failures="1">
  <properties>
    <property name="java.specification.version" value="18"/>
    <property name="sun.jnu.encoding" value="UTF-8"/>
    <property name="java.class.path" value="/Users/gaurabhchakraborty/Documents/GitHub/appium-base/target/test-classes:/Users/gaurabhchakraborty/Documents/GitHub/appium-base/target/classes:/Users/gaurabhchakraborty/.m2/repository/org/seleniumhq/selenium/selenium-java/3.141.59/selenium-java-3.141.59.jar:/Users/gaurabhchakraborty/.m2/repository/org/seleniumhq/selenium/selenium-api/3.141.59/selenium-api-3.141.59.jar:/Users/gaurabhchakraborty/.m2/repository/org/seleniumhq/selenium/selenium-chrome-driver/3.141.59/selenium-chrome-driver-3.141.59.jar:/Users/gaurabhchakraborty/.m2/repository/org/seleniumhq/selenium/selenium-edge-driver/3.141.59/selenium-edge-driver-3.141.59.jar:/Users/gaurabhchakraborty/.m2/repository/org/seleniumhq/selenium/selenium-firefox-driver/3.141.59/selenium-firefox-driver-3.141.59.jar:/Users/gaurabhchakraborty/.m2/repository/org/seleniumhq/selenium/selenium-ie-driver/3.141.59/selenium-ie-driver-3.141.59.jar:/Users/gaurabhchakraborty/.m2/repository/org/seleniumhq/selenium/selenium-opera-driver/3.141.59/selenium-opera-driver-3.141.59.jar:/Users/gaurabhchakraborty/.m2/repository/org/seleniumhq/selenium/selenium-remote-driver/3.141.59/selenium-remote-driver-3.141.59.jar:/Users/gaurabhchakraborty/.m2/repository/org/seleniumhq/selenium/selenium-safari-driver/3.141.59/selenium-safari-driver-3.141.59.jar:/Users/gaurabhchakraborty/.m2/repository/org/seleniumhq/selenium/selenium-support/3.141.59/selenium-support-3.141.59.jar:/Users/gaurabhchakraborty/.m2/repository/net/bytebuddy/byte-buddy/1.8.15/byte-buddy-1.8.15.jar:/Users/gaurabhchakraborty/.m2/repository/org/apache/commons/commons-exec/1.3/commons-exec-1.3.jar:/Users/gaurabhchakraborty/.m2/repository/com/google/guava/guava/25.0-jre/guava-25.0-jre.jar:/Users/gaurabhchakraborty/.m2/repository/com/google/code/findbugs/jsr305/1.3.9/jsr305-1.3.9.jar:/Users/gaurabhchakraborty/.m2/repository/org/checkerframework/checker-compat-qual/2.0.0/checker-compat-qual-2.0.0.jar:/Users/gaurabhchakraborty/.m2/repository/com/google/errorprone/error_prone_annotations/2.1.3/error_prone_annotations-2.1.3.jar:/Users/gaurabhchakraborty/.m2/repository/com/google/j2objc/j2objc-annotations/1.1/j2objc-annotations-1.1.jar:/Users/gaurabhchakraborty/.m2/repository/org/codehaus/mojo/animal-sniffer-annotations/1.14/animal-sniffer-annotations-1.14.jar:/Users/gaurabhchakraborty/.m2/repository/com/squareup/okhttp3/okhttp/3.11.0/okhttp-3.11.0.jar:/Users/gaurabhchakraborty/.m2/repository/com/squareup/okio/okio/1.14.0/okio-1.14.0.jar:/Users/gaurabhchakraborty/.m2/repository/org/testng/testng/7.4.0/testng-7.4.0.jar:/Users/gaurabhchakraborty/.m2/repository/com/beust/jcommander/1.78/jcommander-1.78.jar:/Users/gaurabhchakraborty/.m2/repository/org/webjars/jquery/3.5.1/jquery-3.5.1.jar:/Users/gaurabhchakraborty/.m2/repository/io/github/bonigarcia/webdrivermanager/4.4.3/webdrivermanager-4.4.3.jar:/Users/gaurabhchakraborty/.m2/repository/org/slf4j/slf4j-api/1.7.30/slf4j-api-1.7.30.jar:/Users/gaurabhchakraborty/.m2/repository/commons-io/commons-io/2.8.0/commons-io-2.8.0.jar:/Users/gaurabhchakraborty/.m2/repository/com/google/code/gson/gson/2.8.6/gson-2.8.6.jar:/Users/gaurabhchakraborty/.m2/repository/org/apache/commons/commons-lang3/3.12.0/commons-lang3-3.12.0.jar:/Users/gaurabhchakraborty/.m2/repository/org/apache/httpcomponents/client5/httpclient5/5.0.3/httpclient5-5.0.3.jar:/Users/gaurabhchakraborty/.m2/repository/org/apache/httpcomponents/core5/httpcore5/5.0.2/httpcore5-5.0.2.jar:/Users/gaurabhchakraborty/.m2/repository/org/apache/httpcomponents/core5/httpcore5-h2/5.0.2/httpcore5-h2-5.0.2.jar:/Users/gaurabhchakraborty/.m2/repository/commons-codec/commons-codec/1.13/commons-codec-1.13.jar:/Users/gaurabhchakraborty/.m2/repository/org/rauschig/jarchivelib/1.1.0/jarchivelib-1.1.0.jar:/Users/gaurabhchakraborty/.m2/repository/org/apache/commons/commons-compress/1.20/commons-compress-1.20.jar:/Users/gaurabhchakraborty/.m2/repository/io/qameta/allure/allure-testng/2.14.0/allure-testng-2.14.0.jar:/Users/gaurabhchakraborty/.m2/repository/io/qameta/allure/allure-java-commons/2.14.0/allure-java-commons-2.14.0.jar:/Users/gaurabhchakraborty/.m2/repository/io/qameta/allure/allure-model/2.14.0/allure-model-2.14.0.jar:/Users/gaurabhchakraborty/.m2/repository/com/fasterxml/jackson/core/jackson-databind/2.12.3/jackson-databind-2.12.3.jar:/Users/gaurabhchakraborty/.m2/repository/com/fasterxml/jackson/core/jackson-annotations/2.12.3/jackson-annotations-2.12.3.jar:/Users/gaurabhchakraborty/.m2/repository/com/fasterxml/jackson/core/jackson-core/2.12.3/jackson-core-2.12.3.jar:/Users/gaurabhchakraborty/.m2/repository/org/apache/tika/tika-core/1.26/tika-core-1.26.jar:/Users/gaurabhchakraborty/.m2/repository/javax/activation/activation/1.1.1/activation-1.1.1.jar:/Users/gaurabhchakraborty/.m2/repository/org/jooq/joor-java-8/0.9.14/joor-java-8-0.9.14.jar:/Users/gaurabhchakraborty/.m2/repository/io/qameta/allure/allure-test-filter/2.14.0/allure-test-filter-2.14.0.jar:/Users/gaurabhchakraborty/.m2/repository/org/aspectj/aspectjweaver/1.9.7/aspectjweaver-1.9.7.jar:/Users/gaurabhchakraborty/.m2/repository/sikulix/sikulix-api/2.0.4/sikulix-api-2.0.4.jar:/Users/gaurabhchakraborty/.m2/repository/com/github/stephenc/monte/monte-screen-recorder/0.7.7.0/monte-screen-recorder-0.7.7.0.jar:/Users/gaurabhchakraborty/.m2/repository/io/appium/java-client/7.2.0/java-client-7.2.0.jar:/Users/gaurabhchakraborty/.m2/repository/org/apache/httpcomponents/httpclient/4.5.9/httpclient-4.5.9.jar:/Users/gaurabhchakraborty/.m2/repository/org/apache/httpcomponents/httpcore/4.4.11/httpcore-4.4.11.jar:/Users/gaurabhchakraborty/.m2/repository/commons-logging/commons-logging/1.2/commons-logging-1.2.jar:/Users/gaurabhchakraborty/.m2/repository/cglib/cglib/3.2.12/cglib-3.2.12.jar:/Users/gaurabhchakraborty/.m2/repository/org/ow2/asm/asm/7.1/asm-7.1.jar:/Users/gaurabhchakraborty/.m2/repository/commons-validator/commons-validator/1.6/commons-validator-1.6.jar:/Users/gaurabhchakraborty/.m2/repository/commons-beanutils/commons-beanutils/1.9.2/commons-beanutils-1.9.2.jar:/Users/gaurabhchakraborty/.m2/repository/commons-digester/commons-digester/1.8.1/commons-digester-1.8.1.jar:/Users/gaurabhchakraborty/.m2/repository/commons-collections/commons-collections/3.2.2/commons-collections-3.2.2.jar:/Users/gaurabhchakraborty/.m2/repository/org/springframework/spring-context/5.1.8.RELEASE/spring-context-5.1.8.RELEASE.jar:/Users/gaurabhchakraborty/.m2/repository/org/springframework/spring-aop/5.1.8.RELEASE/spring-aop-5.1.8.RELEASE.jar:/Users/gaurabhchakraborty/.m2/repository/org/springframework/spring-beans/5.1.8.RELEASE/spring-beans-5.1.8.RELEASE.jar:/Users/gaurabhchakraborty/.m2/repository/org/springframework/spring-core/5.1.8.RELEASE/spring-core-5.1.8.RELEASE.jar:/Users/gaurabhchakraborty/.m2/repository/org/springframework/spring-jcl/5.1.8.RELEASE/spring-jcl-5.1.8.RELEASE.jar:/Users/gaurabhchakraborty/.m2/repository/org/springframework/spring-expression/5.1.8.RELEASE/spring-expression-5.1.8.RELEASE.jar:/Users/gaurabhchakraborty/.m2/repository/io/rest-assured/rest-assured/3.3.0/rest-assured-3.3.0.jar:/Users/gaurabhchakraborty/.m2/repository/org/codehaus/groovy/groovy/2.4.15/groovy-2.4.15.jar:/Users/gaurabhchakraborty/.m2/repository/org/codehaus/groovy/groovy-xml/2.4.15/groovy-xml-2.4.15.jar:/Users/gaurabhchakraborty/.m2/repository/org/apache/httpcomponents/httpmime/4.5.3/httpmime-4.5.3.jar:/Users/gaurabhchakraborty/.m2/repository/org/hamcrest/hamcrest-core/1.3/hamcrest-core-1.3.jar:/Users/gaurabhchakraborty/.m2/repository/org/hamcrest/hamcrest-library/1.3/hamcrest-library-1.3.jar:/Users/gaurabhchakraborty/.m2/repository/org/ccil/cowan/tagsoup/tagsoup/1.2.1/tagsoup-1.2.1.jar:/Users/gaurabhchakraborty/.m2/repository/io/rest-assured/xml-path/3.3.0/xml-path-3.3.0.jar:/Users/gaurabhchakraborty/.m2/repository/javax/xml/bind/jaxb-api/2.2.12/jaxb-api-2.2.12.jar:/Users/gaurabhchakraborty/.m2/repository/com/sun/xml/bind/jaxb-osgi/2.2.10/jaxb-osgi-2.2.10.jar:/Users/gaurabhchakraborty/.m2/repository/org/apache/sling/org.apache.sling.javax.activation/0.1.0/org.apache.sling.javax.activation-0.1.0.jar:/Users/gaurabhchakraborty/.m2/repository/io/rest-assured/json-path/3.3.0/json-path-3.3.0.jar:/Users/gaurabhchakraborty/.m2/repository/org/codehaus/groovy/groovy-json/2.4.15/groovy-json-2.4.15.jar:/Users/gaurabhchakraborty/.m2/repository/io/rest-assured/rest-assured-common/3.3.0/rest-assured-common-3.3.0.jar:/Users/gaurabhchakraborty/.m2/repository/io/rest-assured/json-schema-validator/3.3.0/json-schema-validator-3.3.0.jar:/Users/gaurabhchakraborty/.m2/repository/com/github/java-json-tools/json-schema-validator/2.2.10/json-schema-validator-2.2.10.jar:/Users/gaurabhchakraborty/.m2/repository/com/github/java-json-tools/json-schema-core/1.2.10/json-schema-core-1.2.10.jar:/Users/gaurabhchakraborty/.m2/repository/com/github/java-json-tools/jackson-coreutils/1.9/jackson-coreutils-1.9.jar:/Users/gaurabhchakraborty/.m2/repository/com/github/fge/msg-simple/1.1/msg-simple-1.1.jar:/Users/gaurabhchakraborty/.m2/repository/com/github/fge/btf/1.2/btf-1.2.jar:/Users/gaurabhchakraborty/.m2/repository/com/github/fge/uri-template/0.9/uri-template-0.9.jar:/Users/gaurabhchakraborty/.m2/repository/org/mozilla/rhino/1.7.7.1/rhino-1.7.7.1.jar:/Users/gaurabhchakraborty/.m2/repository/javax/mail/mailapi/1.4.3/mailapi-1.4.3.jar:/Users/gaurabhchakraborty/.m2/repository/joda-time/joda-time/2.9.7/joda-time-2.9.7.jar:/Users/gaurabhchakraborty/.m2/repository/com/googlecode/libphonenumber/libphonenumber/8.0.0/libphonenumber-8.0.0.jar:/Users/gaurabhchakraborty/.m2/repository/net/sf/jopt-simple/jopt-simple/5.0.3/jopt-simple-5.0.3.jar:/Users/gaurabhchakraborty/.m2/repository/com/googlecode/json-simple/json-simple/1.1.1/json-simple-1.1.1.jar:/Users/gaurabhchakraborty/.m2/repository/junit/junit/4.10/junit-4.10.jar:/Users/gaurabhchakraborty/.m2/repository/org/jsoup/jsoup/1.11.3/jsoup-1.11.3.jar:/Users/gaurabhchakraborty/.m2/repository/mysql/mysql-connector-java/8.0.27/mysql-connector-java-8.0.27.jar:/Users/gaurabhchakraborty/.m2/repository/com/google/protobuf/protobuf-java/3.11.4/protobuf-java-3.11.4.jar:"/>
    <property name="java.vm.vendor" value="Oracle Corporation"/>
    <property name="sun.arch.data.model" value="64"/>
    <property name="java.vendor.url" value="https://java.oracle.com/"/>
    <property name="user.timezone" value="Asia/Kolkata"/>
    <property name="os.name" value="Mac OS X"/>
    <property name="java.vm.specification.version" value="18"/>
    <property name="sun.java.launcher" value="SUN_STANDARD"/>
    <property name="user.country" value="IN"/>
    <property name="sun.boot.library.path" value="/Library/Java/JavaVirtualMachines/jdk-18.jdk/Contents/Home/lib"/>
    <property name="sun.java.command" value="/Users/gaurabhchakraborty/Documents/GitHub/appium-base/target/surefire/surefirebooter15550922742127124609.jar /Users/gaurabhchakraborty/Documents/GitHub/appium-base/target/surefire 2022-04-11T10-51-20_687-jvmRun1 surefire6128348204718724490tmp surefire_02207537512463218558tmp"/>
    <property name="http.nonProxyHosts" value="local|*.local|169.254/16|*.169.254/16"/>
    <property name="jdk.debug" value="release"/>
    <property name="surefire.test.class.path" value="/Users/gaurabhchakraborty/Documents/GitHub/appium-base/target/test-classes:/Users/gaurabhchakraborty/Documents/GitHub/appium-base/target/classes:/Users/gaurabhchakraborty/.m2/repository/org/seleniumhq/selenium/selenium-java/3.141.59/selenium-java-3.141.59.jar:/Users/gaurabhchakraborty/.m2/repository/org/seleniumhq/selenium/selenium-api/3.141.59/selenium-api-3.141.59.jar:/Users/gaurabhchakraborty/.m2/repository/org/seleniumhq/selenium/selenium-chrome-driver/3.141.59/selenium-chrome-driver-3.141.59.jar:/Users/gaurabhchakraborty/.m2/repository/org/seleniumhq/selenium/selenium-edge-driver/3.141.59/selenium-edge-driver-3.141.59.jar:/Users/gaurabhchakraborty/.m2/repository/org/seleniumhq/selenium/selenium-firefox-driver/3.141.59/selenium-firefox-driver-3.141.59.jar:/Users/gaurabhchakraborty/.m2/repository/org/seleniumhq/selenium/selenium-ie-driver/3.141.59/selenium-ie-driver-3.141.59.jar:/Users/gaurabhchakraborty/.m2/repository/org/seleniumhq/selenium/selenium-opera-driver/3.141.59/selenium-opera-driver-3.141.59.jar:/Users/gaurabhchakraborty/.m2/repository/org/seleniumhq/selenium/selenium-remote-driver/3.141.59/selenium-remote-driver-3.141.59.jar:/Users/gaurabhchakraborty/.m2/repository/org/seleniumhq/selenium/selenium-safari-driver/3.141.59/selenium-safari-driver-3.141.59.jar:/Users/gaurabhchakraborty/.m2/repository/org/seleniumhq/selenium/selenium-support/3.141.59/selenium-support-3.141.59.jar:/Users/gaurabhchakraborty/.m2/repository/net/bytebuddy/byte-buddy/1.8.15/byte-buddy-1.8.15.jar:/Users/gaurabhchakraborty/.m2/repository/org/apache/commons/commons-exec/1.3/commons-exec-1.3.jar:/Users/gaurabhchakraborty/.m2/repository/com/google/guava/guava/25.0-jre/guava-25.0-jre.jar:/Users/gaurabhchakraborty/.m2/repository/com/google/code/findbugs/jsr305/1.3.9/jsr305-1.3.9.jar:/Users/gaurabhchakraborty/.m2/repository/org/checkerframework/checker-compat-qual/2.0.0/checker-compat-qual-2.0.0.jar:/Users/gaurabhchakraborty/.m2/repository/com/google/errorprone/error_prone_annotations/2.1.3/error_prone_annotations-2.1.3.jar:/Users/gaurabhchakraborty/.m2/repository/com/google/j2objc/j2objc-annotations/1.1/j2objc-annotations-1.1.jar:/Users/gaurabhchakraborty/.m2/repository/org/codehaus/mojo/animal-sniffer-annotations/1.14/animal-sniffer-annotations-1.14.jar:/Users/gaurabhchakraborty/.m2/repository/com/squareup/okhttp3/okhttp/3.11.0/okhttp-3.11.0.jar:/Users/gaurabhchakraborty/.m2/repository/com/squareup/okio/okio/1.14.0/okio-1.14.0.jar:/Users/gaurabhchakraborty/.m2/repository/org/testng/testng/7.4.0/testng-7.4.0.jar:/Users/gaurabhchakraborty/.m2/repository/com/beust/jcommander/1.78/jcommander-1.78.jar:/Users/gaurabhchakraborty/.m2/repository/org/webjars/jquery/3.5.1/jquery-3.5.1.jar:/Users/gaurabhchakraborty/.m2/repository/io/github/bonigarcia/webdrivermanager/4.4.3/webdrivermanager-4.4.3.jar:/Users/gaurabhchakraborty/.m2/repository/org/slf4j/slf4j-api/1.7.30/slf4j-api-1.7.30.jar:/Users/gaurabhchakraborty/.m2/repository/commons-io/commons-io/2.8.0/commons-io-2.8.0.jar:/Users/gaurabhchakraborty/.m2/repository/com/google/code/gson/gson/2.8.6/gson-2.8.6.jar:/Users/gaurabhchakraborty/.m2/repository/org/apache/commons/commons-lang3/3.12.0/commons-lang3-3.12.0.jar:/Users/gaurabhchakraborty/.m2/repository/org/apache/httpcomponents/client5/httpclient5/5.0.3/httpclient5-5.0.3.jar:/Users/gaurabhchakraborty/.m2/repository/org/apache/httpcomponents/core5/httpcore5/5.0.2/httpcore5-5.0.2.jar:/Users/gaurabhchakraborty/.m2/repository/org/apache/httpcomponents/core5/httpcore5-h2/5.0.2/httpcore5-h2-5.0.2.jar:/Users/gaurabhchakraborty/.m2/repository/commons-codec/commons-codec/1.13/commons-codec-1.13.jar:/Users/gaurabhchakraborty/.m2/repository/org/rauschig/jarchivelib/1.1.0/jarchivelib-1.1.0.jar:/Users/gaurabhchakraborty/.m2/repository/org/apache/commons/commons-compress/1.20/commons-compress-1.20.jar:/Users/gaurabhchakraborty/.m2/repository/io/qameta/allure/allure-testng/2.14.0/allure-testng-2.14.0.jar:/Users/gaurabhchakraborty/.m2/repository/io/qameta/allure/allure-java-commons/2.14.0/allure-java-commons-2.14.0.jar:/Users/gaurabhchakraborty/.m2/repository/io/qameta/allure/allure-model/2.14.0/allure-model-2.14.0.jar:/Users/gaurabhchakraborty/.m2/repository/com/fasterxml/jackson/core/jackson-databind/2.12.3/jackson-databind-2.12.3.jar:/Users/gaurabhchakraborty/.m2/repository/com/fasterxml/jackson/core/jackson-annotations/2.12.3/jackson-annotations-2.12.3.jar:/Users/gaurabhchakraborty/.m2/repository/com/fasterxml/jackson/core/jackson-core/2.12.3/jackson-core-2.12.3.jar:/Users/gaurabhchakraborty/.m2/repository/org/apache/tika/tika-core/1.26/tika-core-1.26.jar:/Users/gaurabhchakraborty/.m2/repository/javax/activation/activation/1.1.1/activation-1.1.1.jar:/Users/gaurabhchakraborty/.m2/repository/org/jooq/joor-java-8/0.9.14/joor-java-8-0.9.14.jar:/Users/gaurabhchakraborty/.m2/repository/io/qameta/allure/allure-test-filter/2.14.0/allure-test-filter-2.14.0.jar:/Users/gaurabhchakraborty/.m2/repository/org/aspectj/aspectjweaver/1.9.7/aspectjweaver-1.9.7.jar:/Users/gaurabhchakraborty/.m2/repository/sikulix/sikulix-api/2.0.4/sikulix-api-2.0.4.jar:/Users/gaurabhchakraborty/.m2/repository/com/github/stephenc/monte/monte-screen-recorder/0.7.7.0/monte-screen-recorder-0.7.7.0.jar:/Users/gaurabhchakraborty/.m2/repository/io/appium/java-client/7.2.0/java-client-7.2.0.jar:/Users/gaurabhchakraborty/.m2/repository/org/apache/httpcomponents/httpclient/4.5.9/httpclient-4.5.9.jar:/Users/gaurabhchakraborty/.m2/repository/org/apache/httpcomponents/httpcore/4.4.11/httpcore-4.4.11.jar:/Users/gaurabhchakraborty/.m2/repository/commons-logging/commons-logging/1.2/commons-logging-1.2.jar:/Users/gaurabhchakraborty/.m2/repository/cglib/cglib/3.2.12/cglib-3.2.12.jar:/Users/gaurabhchakraborty/.m2/repository/org/ow2/asm/asm/7.1/asm-7.1.jar:/Users/gaurabhchakraborty/.m2/repository/commons-validator/commons-validator/1.6/commons-validator-1.6.jar:/Users/gaurabhchakraborty/.m2/repository/commons-beanutils/commons-beanutils/1.9.2/commons-beanutils-1.9.2.jar:/Users/gaurabhchakraborty/.m2/repository/commons-digester/commons-digester/1.8.1/commons-digester-1.8.1.jar:/Users/gaurabhchakraborty/.m2/repository/commons-collections/commons-collections/3.2.2/commons-collections-3.2.2.jar:/Users/gaurabhchakraborty/.m2/repository/org/springframework/spring-context/5.1.8.RELEASE/spring-context-5.1.8.RELEASE.jar:/Users/gaurabhchakraborty/.m2/repository/org/springframework/spring-aop/5.1.8.RELEASE/spring-aop-5.1.8.RELEASE.jar:/Users/gaurabhchakraborty/.m2/repository/org/springframework/spring-beans/5.1.8.RELEASE/spring-beans-5.1.8.RELEASE.jar:/Users/gaurabhchakraborty/.m2/repository/org/springframework/spring-core/5.1.8.RELEASE/spring-core-5.1.8.RELEASE.jar:/Users/gaurabhchakraborty/.m2/repository/org/springframework/spring-jcl/5.1.8.RELEASE/spring-jcl-5.1.8.RELEASE.jar:/Users/gaurabhchakraborty/.m2/repository/org/springframework/spring-expression/5.1.8.RELEASE/spring-expression-5.1.8.RELEASE.jar:/Users/gaurabhchakraborty/.m2/repository/io/rest-assured/rest-assured/3.3.0/rest-assured-3.3.0.jar:/Users/gaurabhchakraborty/.m2/repository/org/codehaus/groovy/groovy/2.4.15/groovy-2.4.15.jar:/Users/gaurabhchakraborty/.m2/repository/org/codehaus/groovy/groovy-xml/2.4.15/groovy-xml-2.4.15.jar:/Users/gaurabhchakraborty/.m2/repository/org/apache/httpcomponents/httpmime/4.5.3/httpmime-4.5.3.jar:/Users/gaurabhchakraborty/.m2/repository/org/hamcrest/hamcrest-core/1.3/hamcrest-core-1.3.jar:/Users/gaurabhchakraborty/.m2/repository/org/hamcrest/hamcrest-library/1.3/hamcrest-library-1.3.jar:/Users/gaurabhchakraborty/.m2/repository/org/ccil/cowan/tagsoup/tagsoup/1.2.1/tagsoup-1.2.1.jar:/Users/gaurabhchakraborty/.m2/repository/io/rest-assured/xml-path/3.3.0/xml-path-3.3.0.jar:/Users/gaurabhchakraborty/.m2/repository/javax/xml/bind/jaxb-api/2.2.12/jaxb-api-2.2.12.jar:/Users/gaurabhchakraborty/.m2/repository/com/sun/xml/bind/jaxb-osgi/2.2.10/jaxb-osgi-2.2.10.jar:/Users/gaurabhchakraborty/.m2/repository/org/apache/sling/org.apache.sling.javax.activation/0.1.0/org.apache.sling.javax.activation-0.1.0.jar:/Users/gaurabhchakraborty/.m2/repository/io/rest-assured/json-path/3.3.0/json-path-3.3.0.jar:/Users/gaurabhchakraborty/.m2/repository/org/codehaus/groovy/groovy-json/2.4.15/groovy-json-2.4.15.jar:/Users/gaurabhchakraborty/.m2/repository/io/rest-assured/rest-assured-common/3.3.0/rest-assured-common-3.3.0.jar:/Users/gaurabhchakraborty/.m2/repository/io/rest-assured/json-schema-validator/3.3.0/json-schema-validator-3.3.0.jar:/Users/gaurabhchakraborty/.m2/repository/com/github/java-json-tools/json-schema-validator/2.2.10/json-schema-validator-2.2.10.jar:/Users/gaurabhchakraborty/.m2/repository/com/github/java-json-tools/json-schema-core/1.2.10/json-schema-core-1.2.10.jar:/Users/gaurabhchakraborty/.m2/repository/com/github/java-json-tools/jackson-coreutils/1.9/jackson-coreutils-1.9.jar:/Users/gaurabhchakraborty/.m2/repository/com/github/fge/msg-simple/1.1/msg-simple-1.1.jar:/Users/gaurabhchakraborty/.m2/repository/com/github/fge/btf/1.2/btf-1.2.jar:/Users/gaurabhchakraborty/.m2/repository/com/github/fge/uri-template/0.9/uri-template-0.9.jar:/Users/gaurabhchakraborty/.m2/repository/org/mozilla/rhino/1.7.7.1/rhino-1.7.7.1.jar:/Users/gaurabhchakraborty/.m2/repository/javax/mail/mailapi/1.4.3/mailapi-1.4.3.jar:/Users/gaurabhchakraborty/.m2/repository/joda-time/joda-time/2.9.7/joda-time-2.9.7.jar:/Users/gaurabhchakraborty/.m2/repository/com/googlecode/libphonenumber/libphonenumber/8.0.0/libphonenumber-8.0.0.jar:/Users/gaurabhchakraborty/.m2/repository/net/sf/jopt-simple/jopt-simple/5.0.3/jopt-simple-5.0.3.jar:/Users/gaurabhchakraborty/.m2/repository/com/googlecode/json-simple/json-simple/1.1.1/json-simple-1.1.1.jar:/Users/gaurabhchakraborty/.m2/repository/junit/junit/4.10/junit-4.10.jar:/Users/gaurabhchakraborty/.m2/repository/org/jsoup/jsoup/1.11.3/jsoup-1.11.3.jar:/Users/gaurabhchakraborty/.m2/repository/mysql/mysql-connector-java/8.0.27/mysql-connector-java-8.0.27.jar:/Users/gaurabhchakraborty/.m2/repository/com/google/protobuf/protobuf-java/3.11.4/protobuf-java-3.11.4.jar:"/>
    <property name="sun.cpu.endian" value="little"/>
    <property name="user.home" value="/Users/gaurabhchakraborty"/>
    <property name="user.language" value="en"/>
    <property name="java.specification.vendor" value="Oracle Corporation"/>
    <property name="java.version.date" value="2022-03-22"/>
    <property name="java.home" value="/Library/Java/JavaVirtualMachines/jdk-18.jdk/Contents/Home"/>
    <property name="file.separator" value="/"/>
    <property name="basedir" value="/Users/gaurabhchakraborty/Documents/GitHub/appium-base"/>
    <property name="java.vm.compressedOopsMode" value="Zero based"/>
    <property name="line.separator" value="&#10;"/>
    <property name="java.vm.specification.vendor" value="Oracle Corporation"/>
    <property name="java.specification.name" value="Java Platform API Specification"/>
    <property name="apple.awt.application.name" value="ForkedBooter"/>
    <property name="surefire.real.class.path" value="/Users/gaurabhchakraborty/Documents/GitHub/appium-base/target/surefire/surefirebooter15550922742127124609.jar"/>
    <property name="sun.management.compiler" value="HotSpot 64-Bit Tiered Compilers"/>
    <property name="ftp.nonProxyHosts" value="local|*.local|169.254/16|*.169.254/16"/>
    <property name="java.runtime.version" value="18+36-2087"/>
    <property name="user.name" value="gaurabhchakraborty"/>
    <property name="path.separator" value=":"/>
    <property name="os.version" value="12.1"/>
    <property name="java.runtime.name" value="Java(TM) SE Runtime Environment"/>
    <property name="file.encoding" value="UTF-8"/>
    <property name="java.vm.name" value="Java HotSpot(TM) 64-Bit Server VM"/>
    <property name="localRepository" value="/Users/gaurabhchakraborty/.m2/repository"/>
    <property name="java.vendor.url.bug" value="https://bugreport.java.com/bugreport/"/>
    <property name="java.io.tmpdir" value="/var/folders/gx/gpj3zkr57f73t__32_zmf_br0000gn/T/"/>
    <property name="idea.version" value="2021.3.3"/>
    <property name="java.version" value="18"/>
    <property name="user.dir" value="/Users/gaurabhchakraborty/Documents/GitHub/appium-base"/>
    <property name="os.arch" value="x86_64"/>
    <property name="java.vm.specification.name" value="Java Virtual Machine Specification"/>
    <property name="native.encoding" value="US-ASCII"/>
    <property name="java.library.path" value="/Users/gaurabhchakraborty/Library/Java/Extensions:/Library/Java/Extensions:/Network/Library/Java/Extensions:/System/Library/Java/Extensions:/usr/lib/java:."/>
    <property name="java.vm.info" value="mixed mode, sharing"/>
    <property name="java.vendor" value="Oracle Corporation"/>
    <property name="java.vm.version" value="18+36-2087"/>
    <property name="sun.io.unicode.encoding" value="UnicodeBig"/>
    <property name="socksNonProxyHosts" value="local|*.local|169.254/16|*.169.254/16"/>
    <property name="java.class.version" value="62.0"/>
  </properties>
  <testcase name="startSession[mobile](0)" classname="sanity.CreateWallet" time="15.554">
    <failure type="java.lang.NullPointerException"><![CDATA[java.lang.NullPointerException
]]></failure>
    <system-out><![CDATA[------------------- Starting Execution -------------------
]]></system-out>
    <system-err><![CDATA[Apr 11, 2022 10:51:42 AM io.appium.java_client.remote.AppiumCommandExecutor$1 lambda$0
INFO: Detected dialect: W3C
]]></system-err>
  </testcase>
  <testcase name="beforeMethod" classname="sanity.CreateWallet" time="0">
    <skipped/>
  </testcase>
  <testcase name="test01_verify_createWallet" classname="sanity.CreateWallet" time="0">
    <skipped/>
    <system-out><![CDATA[------------------- Skipped Test: test01_verify_createWallet-------------------
]]></system-out>
  </testcase>
  <testcase name="afterMethod" classname="sanity.CreateWallet" time="0">
    <skipped/>
  </testcase>
  <testcase name="closeSession" classname="sanity.CreateWallet" time="0">
    <skipped/>
  </testcase>
</testsuite>