<?xml version="1.0" encoding="UTF-8"?>
<!-- Generated by org.testng.reporters.JUnitReportReporter -->
<testsuite hostname="Varsha-R-Yattinahalli-B632s-MacBook-Pro.local" failures="0" tests="2" name="sanity.SelectDayPassTest" time="210.505" errors="0" timestamp="2022-07-19T11:28:01 IST" skipped="0">
  <testcase classname="sanity.SelectDayPassTest" name="test02_SelectDayPassInPune" time="107.213"/>
  <system-out/>
  <testcase classname="sanity.SelectDayPassTest" name="test02_SelectDayPassInPune" time="103.292"/>
  <system-out/>
</testsuite> <!-- sanity.SelectDayPassTest -->
