<?xml version="1.0" encoding="UTF-8"?>
<!-- Generated by org.testng.reporters.JUnitReportReporter -->
<testsuite hostname="Varsha-R-Yattinahalli-B632s-MacBook-Pro.local" failures="0" tests="2" name="sanity.SelectDayPassTest" time="114.440" errors="0" timestamp="2022-07-14T13:51:11 IST" skipped="0">
  <testcase classname="sanity.SelectDayPassTest" name="test02_SelectDayPassInPune" time="60.363"/>
  <system-out/>
  <testcase classname="sanity.SelectDayPassTest" name="test01_SelectDaypass" time="54.077"/>
  <system-out/>
</testsuite> <!-- sanity.SelectDayPassTest -->
