<?xml version="1.0" encoding="UTF-8"?>
<!-- Generated by org.testng.reporters.JUnitReportReporter -->
<testsuite hostname="Varsha-R-Yattinahalli-B632s-MacBook-Pro.local" failures="0" tests="1" name="sanity.SelectDayPassTest" time="103.504" errors="0" timestamp="2022-07-19T12:44:45 IST" skipped="0">
  <testcase classname="sanity.SelectDayPassTest" name="test06_SelectDayPassInMumbai" time="103.504"/>
  <system-out/>
</testsuite> <!-- sanity.SelectDayPassTest -->
