<?xml version="1.0" encoding="UTF-8"?>
<!-- Generated by org.testng.reporters.JUnitReportReporter -->
<testsuite hostname="Varsha-R-Yattinahalli-B632s-MacBook-Pro.local" failures="0" tests="2" name="sanity.SelectDayPassTest" time="217.703" errors="0" timestamp="2022-07-19T12:13:17 IST" skipped="0">
  <testcase classname="sanity.SelectDayPassTest" name="test02_SelectDayPassInPune" time="91.160"/>
  <system-out/>
  <testcase classname="sanity.SelectDayPassTest" name="test02_SelectDayPassInPune" time="126.543"/>
  <system-out/>
</testsuite> <!-- sanity.SelectDayPassTest -->
