<?xml version="1.0" encoding="UTF-8"?>
<!-- Generated by org.testng.reporters.JUnitReportReporter -->
<testsuite hostname="Varsha-R-Yattinahalli-B632s-MacBook-Pro.local" failures="0" tests="1" name="sanity.SelectVirtualOfficeTest" time="114.274" errors="0" timestamp="2022-07-14T12:13:53 IST" skipped="0">
  <testcase classname="sanity.SelectVirtualOfficeTest" name="test06_VerifySelectVirtualOfficeInMumbai" time="114.274"/>
  <system-out/>
</testsuite> <!-- sanity.SelectVirtualOfficeTest -->
