<?xml version="1.0" encoding="UTF-8"?>
<!-- Generated by org.testng.reporters.JUnitReportReporter -->
<testsuite hostname="Varsha-R-Yattinahalli-B632s-MacBook-Pro.local" failures="0" tests="2" name="sanity.SelectPrivateOfficeTest" time="62.928" errors="0" timestamp="2022-07-13T11:49:02 IST" skipped="0">
  <testcase classname="sanity.SelectPrivateOfficeTest" name="test02_SelectPrivateOfficeInPune" time="31.048"/>
  <system-out/>
  <testcase classname="sanity.SelectPrivateOfficeTest" name="test02_SelectPrivateOfficeInPune" time="31.880"/>
  <system-out/>
</testsuite> <!-- sanity.SelectPrivateOfficeTest -->
