<?xml version="1.0" encoding="UTF-8"?>
<!-- Generated by org.testng.reporters.JUnitReportReporter -->
<testsuite hostname="Varsha-R-Yattinahalli-B632s-MacBook-Pro.local" failures="0" tests="1" name="sanity.WebAppTest" time="76.867" errors="0" timestamp="2022-07-12T22:02:25 IST" skipped="0">
  <testcase classname="sanity.WebAppTest" name="test34_SelectDayPasswithBundles" time="76.867"/>
  <system-out/>
</testsuite> <!-- sanity.WebAppTest -->
