<?xml version="1.0" encoding="UTF-8"?>
<!-- Generated by org.testng.reporters.JUnitReportReporter -->
<testsuite hostname="Varsha-R-Yattinahalli-B632s-MacBook-Pro.local" failures="0" tests="2" name="sanity.HoteDeskTest" time="106.190" errors="0" timestamp="2022-07-13T11:33:24 IST" skipped="0">
  <testcase classname="sanity.HoteDeskTest" name="test02_SelectHotdeskInPune" time="57.232"/>
  <system-out/>
  <testcase classname="sanity.HoteDeskTest" name="test02_SelectHotdeskInPune" time="48.958"/>
  <system-out/>
</testsuite> <!-- sanity.HoteDeskTest -->
