<?xml version="1.0" encoding="UTF-8"?>
<!-- Generated by org.testng.reporters.JUnitReportReporter -->
<testsuite hostname="Varsha-R-Yattinahalli-B632s-MacBook-Pro.local" failures="0" tests="10" name="sanity.EnterpriseDayPassForTeamsTest" time="526.707" errors="0" timestamp="2022-07-14T21:54:50 IST" skipped="0">
  <testcase classname="sanity.EnterpriseDayPassForTeamsTest" name="test06_SelectDayPassForTeamsInMumbai" time="52.010"/>
  <system-out/>
  <testcase classname="sanity.EnterpriseDayPassForTeamsTest" name="test06_SelectDayPassForTeamsInMumbai" time="51.032"/>
  <system-out/>
  <testcase classname="sanity.EnterpriseDayPassForTeamsTest" name="test06_SelectDayPassForTeamsInMumbai" time="52.322"/>
  <system-out/>
  <testcase classname="sanity.EnterpriseDayPassForTeamsTest" name="test06_SelectDayPassForTeamsInMumbai" time="51.146"/>
  <system-out/>
  <testcase classname="sanity.EnterpriseDayPassForTeamsTest" name="test06_SelectDayPassForTeamsInMumbai" time="59.720"/>
  <system-out/>
  <testcase classname="sanity.EnterpriseDayPassForTeamsTest" name="test06_SelectDayPassForTeamsInMumbai" time="52.344"/>
  <system-out/>
  <testcase classname="sanity.EnterpriseDayPassForTeamsTest" name="test06_SelectDayPassForTeamsInMumbai" time="51.919"/>
  <system-out/>
  <testcase classname="sanity.EnterpriseDayPassForTeamsTest" name="test06_SelectDayPassForTeamsInMumbai" time="53.646"/>
  <system-out/>
  <testcase classname="sanity.EnterpriseDayPassForTeamsTest" name="test06_SelectDayPassForTeamsInMumbai" time="51.113"/>
  <system-out/>
  <testcase classname="sanity.EnterpriseDayPassForTeamsTest" name="test06_SelectDayPassForTeamsInMumbai" time="51.455"/>
  <system-out/>
</testsuite> <!-- sanity.EnterpriseDayPassForTeamsTest -->
