<?xml version="1.0" encoding="UTF-8"?>
<!-- Generated by org.testng.reporters.JUnitReportReporter -->
<testsuite hostname="Varsha-R-Yattinahalli-B632s-MacBook-Pro.local" failures="0" tests="2" name="sanity.AllAccessWrkspaceTest" time="63.370" errors="0" timestamp="2022-07-13T12:02:58 IST" skipped="0">
  <testcase classname="sanity.AllAccessWrkspaceTest" name="test01_SelectAllAccessInPune" time="32.172"/>
  <system-out/>
  <testcase classname="sanity.AllAccessWrkspaceTest" name="test01_SelectAllAccessInPune" time="31.198"/>
  <system-out/>
</testsuite> <!-- sanity.AllAccessWrkspaceTest -->
