<?xml version="1.0" encoding="UTF-8"?>
<!-- Generated by org.testng.reporters.JUnitReportReporter -->
<testsuite hostname="Varsha-R-Yattinahalli-B632s-MacBook-Pro.local" failures="0" tests="4" name="sanity.SelectSubscriptionsTest" time="441.224" errors="0" timestamp="2022-07-19T15:29:01 IST" skipped="0">
  <testcase classname="sanity.SelectSubscriptionsTest" name="test01_SelectSubscriptionsForDelhi" time="118.627"/>
  <system-out/>
  <testcase classname="sanity.SelectSubscriptionsTest" name="test01_SelectSubscriptionsForDelhi" time="107.545"/>
  <system-out/>
  <testcase classname="sanity.SelectSubscriptionsTest" name="test01_SelectSubscriptionsForDelhi" time="119.656"/>
  <system-out/>
  <testcase classname="sanity.SelectSubscriptionsTest" name="test01_SelectSubscriptionsForDelhi" time="95.396"/>
  <system-out/>
</testsuite> <!-- sanity.SelectSubscriptionsTest -->
