<?xml version="1.0" encoding="UTF-8"?>
<!-- Generated by org.testng.reporters.JUnitReportReporter -->
<testsuite hostname="Varsha-R-Yattinahalli-B632s-MacBook-Pro.local" failures="0" tests="7" name="sanity.SelectConferenceRoomTest" time="565.311" errors="0" timestamp="2022-07-14T18:45:54 IST" skipped="0">
  <testcase classname="sanity.SelectConferenceRoomTest" name="test06_SelectConferenceRoomInMumbai" time="78.207"/>
  <system-out/>
  <testcase classname="sanity.SelectConferenceRoomTest" name="test06_SelectConferenceRoomInMumbai" time="88.811"/>
  <system-out/>
  <testcase classname="sanity.SelectConferenceRoomTest" name="test06_SelectConferenceRoomInMumbai" time="84.680"/>
  <system-out/>
  <testcase classname="sanity.SelectConferenceRoomTest" name="test06_SelectConferenceRoomInMumbai" time="81.332"/>
  <system-out/>
  <testcase classname="sanity.SelectConferenceRoomTest" name="test06_SelectConferenceRoomInMumbai" time="76.662"/>
  <system-out/>
  <testcase classname="sanity.SelectConferenceRoomTest" name="test06_SelectConferenceRoomInMumbai" time="76.995"/>
  <system-out/>
  <testcase classname="sanity.SelectConferenceRoomTest" name="test06_SelectConferenceRoomInMumbai" time="78.624"/>
  <system-out/>
</testsuite> <!-- sanity.SelectConferenceRoomTest -->
