<?xml version="1.0" encoding="UTF-8"?>
<!-- Generated by org.testng.reporters.JUnitReportReporter -->
<testsuite hostname="Varsha-R-Yattinahalli-B632s-MacBook-Pro.local" failures="0" tests="4" name="sanity.WebAppTest" time="117.792" errors="0" timestamp="2022-07-04T21:43:51 IST" skipped="0">
  <testcase classname="sanity.WebAppTest" name="test04_VerifyWorkspace" time="53.276"/>
  <system-out/>
  <testcase classname="sanity.WebAppTest" name="test02_verifyLogin" time="32.719"/>
  <system-out/>
  <testcase classname="sanity.WebAppTest" name="test01_verifyWebsite" time="14.597"/>
  <system-out/>
  <testcase classname="sanity.WebAppTest" name="test03_verifyTermsAndConditions" time="17.200"/>
  <system-out/>
</testsuite> <!-- sanity.WebAppTest -->
