<?xml version="1.0" encoding="UTF-8"?>
<!-- Generated by org.testng.reporters.JUnitReportReporter -->
<testsuite hostname="Varsha-R-Yattinahalli-B632s-MacBook-Pro.local" failures="0" tests="3" name="sanity.SelectVirtualOfficeTest" time="288.544" errors="0" timestamp="2022-07-15T16:07:20 IST" skipped="0">
  <testcase classname="sanity.SelectVirtualOfficeTest" name="test02_VerifySelectVirtualOfficeInPune" time="109.531"/>
  <system-out/>
  <testcase classname="sanity.SelectVirtualOfficeTest" name="test01_VerifySelectVirtualOfficeWithoutLogginIn" time="112.083"/>
  <system-out/>
  <testcase classname="sanity.SelectVirtualOfficeTest" name="test02_VerifySelectVirtualOfficeInPune" time="66.930"/>
  <system-out/>
</testsuite> <!-- sanity.SelectVirtualOfficeTest -->
